[0.245s] DEBUG:colcon:Command line arguments: ['/usr/bin/colcon', 'build', '--cmake-args', '-DCMAKE_EXPORT_COMPILE_COMMANDS=ON']
[0.245s] DEBUG:colcon:Parsed command line arguments: Namespace(log_base=None, log_level=None, verb_name='build', build_base='build', install_base='install', merge_install=False, symlink_install=False, test_result_base=None, continue_on_error=False, executor='parallel', parallel_workers=4, event_handlers=None, ignore_user_meta=False, metas=['./colcon.meta'], base_paths=['.'], packages_ignore=None, packages_ignore_regex=None, paths=None, packages_up_to=None, packages_up_to_regex=None, packages_above=None, packages_above_and_dependencies=None, packages_above_depth=None, packages_select_by_dep=None, packages_skip_by_dep=None, packages_skip_up_to=None, packages_select_build_failed=False, packages_skip_build_finished=False, packages_select_test_failures=False, packages_skip_test_passed=False, packages_select=None, packages_skip=None, packages_select_regex=None, packages_skip_regex=None, packages_start=None, packages_end=None, allow_overriding=[], cmake_args=['-DCMAKE_EXPORT_COMPILE_COMMANDS=ON'], cmake_target=None, cmake_target_skip_unavailable=False, cmake_clean_cache=False, cmake_clean_first=False, cmake_force_configure=False, ament_cmake_args=None, catkin_cmake_args=None, catkin_skip_building_tests=False, mixin_files=None, mixin=None, verb_parser=<colcon_mixin.mixin.mixin_argument.MixinArgumentDecorator object at 0x7e6d5de7f260>, verb_extension=<colcon_core.verb.build.BuildVerb object at 0x7e6d5df87b90>, main=<bound method BuildVerb.main of <colcon_core.verb.build.BuildVerb object at 0x7e6d5df87b90>>, mixin_verb=('build',))
[0.311s] Level 1:colcon.colcon_core.package_discovery:discover_packages(colcon_meta) check parameters
[0.311s] Level 1:colcon.colcon_core.package_discovery:discover_packages(recursive) check parameters
[0.311s] Level 1:colcon.colcon_core.package_discovery:discover_packages(ignore) check parameters
[0.311s] Level 1:colcon.colcon_core.package_discovery:discover_packages(path) check parameters
[0.311s] Level 1:colcon.colcon_core.package_discovery:discover_packages(colcon_meta) discover
[0.311s] Level 1:colcon.colcon_core.package_discovery:discover_packages(recursive) discover
[0.311s] INFO:colcon.colcon_core.package_discovery:Crawling recursively for packages in '/home/minimechatech/ros2_ws/src/robocon2025_a'
[0.311s] Level 1:colcon.colcon_core.package_identification:_identify(.) by extensions ['ignore', 'ignore_ament_install']
[0.312s] Level 1:colcon.colcon_core.package_identification:_identify(.) by extension 'ignore'
[0.312s] Level 1:colcon.colcon_core.package_identification:_identify(.) by extension 'ignore_ament_install'
[0.312s] Level 1:colcon.colcon_core.package_identification:_identify(.) by extensions ['colcon_pkg']
[0.312s] Level 1:colcon.colcon_core.package_identification:_identify(.) by extension 'colcon_pkg'
[0.312s] Level 1:colcon.colcon_core.package_identification:_identify(.) by extensions ['colcon_meta']
[0.312s] Level 1:colcon.colcon_core.package_identification:_identify(.) by extension 'colcon_meta'
[0.312s] Level 1:colcon.colcon_core.package_identification:_identify(.) by extensions ['ros']
[0.312s] Level 1:colcon.colcon_core.package_identification:_identify(.) by extension 'ros'
[0.350s] DEBUG:colcon.colcon_core.package_identification:Package '.' with type 'ros.ament_cmake' and name 'robocon2025_a'
[0.351s] Level 1:colcon.colcon_core.package_discovery:discover_packages(recursive) using defaults
[0.351s] Level 1:colcon.colcon_core.package_discovery:discover_packages(ignore) discover
[0.351s] Level 1:colcon.colcon_core.package_discovery:discover_packages(ignore) using defaults
[0.351s] Level 1:colcon.colcon_core.package_discovery:discover_packages(path) discover
[0.351s] Level 1:colcon.colcon_core.package_discovery:discover_packages(path) using defaults
[0.378s] Level 1:colcon.colcon_core.package_discovery:discover_packages(prefix_path) check parameters
[0.378s] Level 1:colcon.colcon_core.package_discovery:discover_packages(prefix_path) discover
[0.382s] DEBUG:colcon.colcon_installed_package_information.package_discovery:Found 285 installed packages in /opt/ros/jazzy
[0.384s] Level 1:colcon.colcon_core.package_discovery:discover_packages(prefix_path) using defaults
[0.436s] Level 5:colcon.colcon_core.verb:set package 'robocon2025_a' build argument 'cmake_args' from command line to '['-DCMAKE_EXPORT_COMPILE_COMMANDS=ON']'
[0.436s] Level 5:colcon.colcon_core.verb:set package 'robocon2025_a' build argument 'cmake_target' from command line to 'None'
[0.436s] Level 5:colcon.colcon_core.verb:set package 'robocon2025_a' build argument 'cmake_target_skip_unavailable' from command line to 'False'
[0.436s] Level 5:colcon.colcon_core.verb:set package 'robocon2025_a' build argument 'cmake_clean_cache' from command line to 'False'
[0.436s] Level 5:colcon.colcon_core.verb:set package 'robocon2025_a' build argument 'cmake_clean_first' from command line to 'False'
[0.436s] Level 5:colcon.colcon_core.verb:set package 'robocon2025_a' build argument 'cmake_force_configure' from command line to 'False'
[0.436s] Level 5:colcon.colcon_core.verb:set package 'robocon2025_a' build argument 'ament_cmake_args' from command line to 'None'
[0.436s] Level 5:colcon.colcon_core.verb:set package 'robocon2025_a' build argument 'catkin_cmake_args' from command line to 'None'
[0.436s] Level 5:colcon.colcon_core.verb:set package 'robocon2025_a' build argument 'catkin_skip_building_tests' from command line to 'False'
[0.436s] DEBUG:colcon.colcon_core.verb:Building package 'robocon2025_a' with the following arguments: {'ament_cmake_args': None, 'build_base': '/home/minimechatech/ros2_ws/src/robocon2025_a/build/robocon2025_a', 'catkin_cmake_args': None, 'catkin_skip_building_tests': False, 'cmake_args': ['-DCMAKE_EXPORT_COMPILE_COMMANDS=ON'], 'cmake_clean_cache': False, 'cmake_clean_first': False, 'cmake_force_configure': False, 'cmake_target': None, 'cmake_target_skip_unavailable': False, 'install_base': '/home/minimechatech/ros2_ws/src/robocon2025_a/install/robocon2025_a', 'merge_install': False, 'path': '/home/minimechatech/ros2_ws/src/robocon2025_a', 'symlink_install': False, 'test_result_base': None}
[0.436s] INFO:colcon.colcon_core.executor:Executing jobs using 'parallel' executor
[0.437s] DEBUG:colcon.colcon_parallel_executor.executor.parallel:run_until_complete
[0.438s] INFO:colcon.colcon_ros.task.ament_cmake.build:Building ROS package in '/home/minimechatech/ros2_ws/src/robocon2025_a' with build type 'ament_cmake'
[0.438s] INFO:colcon.colcon_cmake.task.cmake.build:Building CMake package in '/home/minimechatech/ros2_ws/src/robocon2025_a'
[0.443s] INFO:colcon.colcon_core.plugin_system:Skipping extension 'colcon_core.shell.bat': Not used on non-Windows systems
[0.443s] INFO:colcon.colcon_core.shell:Skip shell extension 'powershell' for command environment: Not usable outside of PowerShell
[0.443s] DEBUG:colcon.colcon_core.shell:Skip shell extension 'dsv' for command environment
[0.450s] DEBUG:colcon.colcon_core.event_handler.log_command:Invoking command in '/home/minimechatech/ros2_ws/src/robocon2025_a/build/robocon2025_a': CMAKE_PREFIX_PATH=${CMAKE_PREFIX_PATH}:/opt/ros/jazzy DEBUGINFOD_URLS=https://debuginfod.ubuntu.com /usr/bin/cmake /home/minimechatech/ros2_ws/src/robocon2025_a -DCMAKE_EXPORT_COMPILE_COMMANDS=ON -DCMAKE_INSTALL_PREFIX=/home/minimechatech/ros2_ws/src/robocon2025_a/install/robocon2025_a
[2.316s] DEBUG:colcon.colcon_core.event_handler.log_command:Invoked command in '/home/minimechatech/ros2_ws/src/robocon2025_a/build/robocon2025_a' returned '1': CMAKE_PREFIX_PATH=${CMAKE_PREFIX_PATH}:/opt/ros/jazzy DEBUGINFOD_URLS=https://debuginfod.ubuntu.com /usr/bin/cmake /home/minimechatech/ros2_ws/src/robocon2025_a -DCMAKE_EXPORT_COMPILE_COMMANDS=ON -DCMAKE_INSTALL_PREFIX=/home/minimechatech/ros2_ws/src/robocon2025_a/install/robocon2025_a
[2.329s] Level 1:colcon.colcon_core.environment:create_environment_scripts_only(robocon2025_a)
[2.336s] Level 1:colcon.colcon_core.environment:checking '/home/minimechatech/ros2_ws/src/robocon2025_a/install/robocon2025_a' for CMake module files
[2.337s] Level 1:colcon.colcon_core.environment:checking '/home/minimechatech/ros2_ws/src/robocon2025_a/install/robocon2025_a' for CMake config files
[2.337s] Level 1:colcon.colcon_core.environment:checking '/home/minimechatech/ros2_ws/src/robocon2025_a/install/robocon2025_a/bin'
[2.337s] Level 1:colcon.colcon_core.environment:checking '/home/minimechatech/ros2_ws/src/robocon2025_a/install/robocon2025_a/lib/pkgconfig/robocon2025_a.pc'
[2.337s] Level 1:colcon.colcon_core.environment:checking '/home/minimechatech/ros2_ws/src/robocon2025_a/install/robocon2025_a/lib/python3.12/site-packages'
[2.338s] Level 1:colcon.colcon_core.environment:checking '/home/minimechatech/ros2_ws/src/robocon2025_a/install/robocon2025_a/bin'
[2.338s] INFO:colcon.colcon_core.shell:Creating package script '/home/minimechatech/ros2_ws/src/robocon2025_a/install/robocon2025_a/share/robocon2025_a/package.ps1'
[2.339s] INFO:colcon.colcon_core.shell:Creating package descriptor '/home/minimechatech/ros2_ws/src/robocon2025_a/install/robocon2025_a/share/robocon2025_a/package.dsv'
[2.340s] INFO:colcon.colcon_core.shell:Creating package script '/home/minimechatech/ros2_ws/src/robocon2025_a/install/robocon2025_a/share/robocon2025_a/package.sh'
[2.341s] INFO:colcon.colcon_core.shell:Creating package script '/home/minimechatech/ros2_ws/src/robocon2025_a/install/robocon2025_a/share/robocon2025_a/package.bash'
[2.342s] INFO:colcon.colcon_core.shell:Creating package script '/home/minimechatech/ros2_ws/src/robocon2025_a/install/robocon2025_a/share/robocon2025_a/package.zsh'
[2.343s] Level 1:colcon.colcon_core.environment:create_file_with_runtime_dependencies(/home/minimechatech/ros2_ws/src/robocon2025_a/install/robocon2025_a/share/colcon-core/packages/robocon2025_a)
[2.354s] DEBUG:colcon.colcon_parallel_executor.executor.parallel:closing loop
[2.354s] DEBUG:colcon.colcon_parallel_executor.executor.parallel:loop closed
[2.354s] DEBUG:colcon.colcon_parallel_executor.executor.parallel:run_until_complete finished with '1'
[2.354s] DEBUG:colcon.colcon_core.event_reactor:joining thread
[2.361s] INFO:colcon.colcon_core.plugin_system:Skipping extension 'colcon_notification.desktop_notification.terminal_notifier': Not used on non-Darwin systems
[2.361s] INFO:colcon.colcon_core.plugin_system:Skipping extension 'colcon_notification.desktop_notification.win32': Not used on non-Windows systems
[2.361s] INFO:colcon.colcon_notification.desktop_notification:Sending desktop notification using 'notify2'
[2.376s] DEBUG:colcon.colcon_core.event_reactor:joined thread
[2.376s] INFO:colcon.colcon_core.shell:Creating prefix script '/home/minimechatech/ros2_ws/src/robocon2025_a/install/local_setup.ps1'
[2.378s] INFO:colcon.colcon_core.shell:Creating prefix util module '/home/minimechatech/ros2_ws/src/robocon2025_a/install/_local_setup_util_ps1.py'
[2.379s] INFO:colcon.colcon_core.shell:Creating prefix chain script '/home/minimechatech/ros2_ws/src/robocon2025_a/install/setup.ps1'
[2.380s] INFO:colcon.colcon_core.shell:Creating prefix script '/home/minimechatech/ros2_ws/src/robocon2025_a/install/local_setup.sh'
[2.381s] INFO:colcon.colcon_core.shell:Creating prefix util module '/home/minimechatech/ros2_ws/src/robocon2025_a/install/_local_setup_util_sh.py'
[2.382s] INFO:colcon.colcon_core.shell:Creating prefix chain script '/home/minimechatech/ros2_ws/src/robocon2025_a/install/setup.sh'
[2.383s] INFO:colcon.colcon_core.shell:Creating prefix script '/home/minimechatech/ros2_ws/src/robocon2025_a/install/local_setup.bash'
[2.384s] INFO:colcon.colcon_core.shell:Creating prefix chain script '/home/minimechatech/ros2_ws/src/robocon2025_a/install/setup.bash'
[2.385s] INFO:colcon.colcon_core.shell:Creating prefix script '/home/minimechatech/ros2_ws/src/robocon2025_a/install/local_setup.zsh'
[2.385s] INFO:colcon.colcon_core.shell:Creating prefix chain script '/home/minimechatech/ros2_ws/src/robocon2025_a/install/setup.zsh'
